生成启动时间为 2019/7/18 9:59:41。
     1>项目“D:\CS\PTA\PAT_(Advanced_Level)_Practice\20\1081_Rational_Sum\rational_sum\rational_sum\rational_sum.vcxproj”在节点 2 上(build 个目标)。
     1>InitializeBuildStatus:
         正在对“Debug\rational_sum.unsuccessfulbuild”执行 Touch 任务。
       ClCompile:
         所有输出均为最新。
         D:\Program Files (x86)\Microsoft Visual Studio 10.0\VC\bin\CL.exe /c /ZI /nologo /W3 /WX- /Od /Oy- /D WIN32 /D _DEBUG /D _CONSOLE /D _UNICODE /D UNICODE /Gm /EHsc /RTC1 /MDd /GS /fp:precise /Zc:wchar_t /Zc:forScope /Yu"StdAfx.h" /Fp"Debug\rational_sum.pch" /Fo"Debug\\" /Fd"Debug\vc100.pdb" /Gd /TP /analyze- /errorReport:prompt rational_sum.cpp
         rational_sum.cpp
       ManifestResourceCompile:
         所有输出均为最新。
       Link:
         D:\Program Files (x86)\Microsoft Visual Studio 10.0\VC\bin\link.exe /ERRORREPORT:PROMPT /OUT:"D:\CS\PTA\PAT_(Advanced_Level)_Practice\20\1081_Rational_Sum\rational_sum\Debug\rational_sum.exe" /INCREMENTAL /NOLOGO kernel32.lib user32.lib gdi32.lib winspool.lib comdlg32.lib advapi32.lib shell32.lib ole32.lib oleaut32.lib uuid.lib odbc32.lib odbccp32.lib /MANIFEST /ManifestFile:"Debug\rational_sum.exe.intermediate.manifest" /MANIFESTUAC:"level='asInvoker' uiAccess='false'" /DEBUG /PDB:"D:\CS\PTA\PAT_(Advanced_Level)_Practice\20\1081_Rational_Sum\rational_sum\Debug\rational_sum.pdb" /SUBSYSTEM:CONSOLE /TLBID:1 /DYNAMICBASE /NXCOMPAT /IMPLIB:"D:\CS\PTA\PAT_(Advanced_Level)_Practice\20\1081_Rational_Sum\rational_sum\Debug\rational_sum.lib" /MACHINE:X86 Debug\rational_sum.exe.embed.manifest.res
         Debug\rational_sum.obj
         Debug\stdafx.obj
       Manifest:
         C:\Program Files (x86)\Microsoft SDKs\Windows\v7.0A\bin\mt.exe /nologo /verbose /out:"Debug\rational_sum.exe.embed.manifest" /manifest Debug\rational_sum.exe.intermediate.manifest
         所有输出均为最新。
       LinkEmbedManifest:
         所有输出均为最新。
         rational_sum.vcxproj -> D:\CS\PTA\PAT_(Advanced_Level)_Practice\20\1081_Rational_Sum\rational_sum\Debug\rational_sum.exe
       FinalizeBuildStatus:
         正在删除文件“Debug\rational_sum.unsuccessfulbuild”。
         正在对“Debug\rational_sum.lastbuildstate”执行 Touch 任务。
     1>已完成生成项目“D:\CS\PTA\PAT_(Advanced_Level)_Practice\20\1081_Rational_Sum\rational_sum\rational_sum\rational_sum.vcxproj”(build 个目标)的操作。

生成成功。

已用时间 00:00:00.70
